#
# There is insufficient memory for the Java Runtime Environment to continue.
# Native memory allocation (malloc) failed to allocate 488416 bytes for Chunk::new
# Possible reasons:
#   The system is out of physical RAM or swap space
#   In 32 bit mode, the process size limit was hit
# Possible solutions:
#   Reduce memory load on the system
#   Increase physical memory or swap space
#   Check if swap backing store is full
#   Use 64 bit Java on a 64 bit OS
#   Decrease Java heap size (-Xmx/-Xms)
#   Decrease number of Java threads
#   Decrease Java thread stack sizes (-Xss)
#   Set larger code cache with -XX:ReservedCodeCacheSize=
# This output file may be truncated or incomplete.
#
#  Out of Memory Error (allocation.cpp:390), pid=4884, tid=5124
#
# JRE version: Java(TM) SE Runtime Environment (8.0_31-b13) (build 1.8.0_31-b13)
# Java VM: Java HotSpot(TM) 64-Bit Server VM (25.31-b07 mixed mode windows-amd64 compressed oops)
# Failed to write core dump. Minidumps are not enabled by default on client versions of Windows
#

---------------  T H R E A D  ---------------

Current thread (0x000000000655e800):  JavaThread "C2 CompilerThread1" daemon [_thread_in_native, id=5124, stack(0x00000000081f0000,0x00000000082f0000)]

Stack: [0x00000000081f0000,0x00000000082f0000]
Native frames: (J=compiled Java code, j=interpreted, Vv=VM code, C=native code)
V  [jvm.dll+0x3169ba]
V  [jvm.dll+0x2674c3]
V  [jvm.dll+0x268103]
V  [jvm.dll+0x25f8f5]
V  [jvm.dll+0xbf025]
V  [jvm.dll+0xbf4cc]
V  [jvm.dll+0x45df82]
V  [jvm.dll+0x49f21f]
V  [jvm.dll+0x452b35]
V  [jvm.dll+0x454124]
V  [jvm.dll+0x437c62]
V  [jvm.dll+0x988e2]
V  [jvm.dll+0x990d3]
V  [jvm.dll+0x22c194]
V  [jvm.dll+0x28576a]
C  [msvcr100.dll+0x21d9f]
C  [msvcr100.dll+0x21e3b]
C  [KERNEL32.DLL+0x12d92]
C  [ntdll.dll+0x9f64]


Current CompileTask:
C2:   4901 1461       4       com.android.dx.ssa.SsaBasicBlock::newFromRop (183 bytes)


---------------  P R O C E S S  ---------------

Java Threads: ( => current thread )
  0x000000000866b000 JavaThread "pool-1-thread-4" [_thread_blocked, id=4704, stack(0x0000000008df0000,0x0000000008ef0000)]
  0x000000000866a000 JavaThread "pool-1-thread-3" [_thread_in_vm, id=6416, stack(0x0000000008cf0000,0x0000000008df0000)]
  0x0000000008664800 JavaThread "pool-1-thread-2" [_thread_in_Java, id=4804, stack(0x0000000008bf0000,0x0000000008cf0000)]
  0x0000000008642000 JavaThread "pool-2-thread-1" [_thread_blocked, id=228, stack(0x0000000008af0000,0x0000000008bf0000)]
  0x000000000863f800 JavaThread "pool-1-thread-1" [_thread_blocked, id=6936, stack(0x00000000089f0000,0x0000000008af0000)]
  0x00000000065be000 JavaThread "Service Thread" daemon [_thread_blocked, id=7164, stack(0x00000000087f0000,0x00000000088f0000)]
  0x00000000065bb000 JavaThread "C1 CompilerThread2" daemon [_thread_blocked, id=3964, stack(0x00000000082f0000,0x00000000083f0000)]
=>0x000000000655e800 JavaThread "C2 CompilerThread1" daemon [_thread_in_native, id=5124, stack(0x00000000081f0000,0x00000000082f0000)]
  0x000000000655b800 JavaThread "C2 CompilerThread0" daemon [_thread_in_native, id=1240, stack(0x00000000080f0000,0x00000000081f0000)]
  0x000000000655a000 JavaThread "Attach Listener" daemon [_thread_blocked, id=3492, stack(0x0000000007ff0000,0x00000000080f0000)]
  0x0000000006559000 JavaThread "Signal Dispatcher" daemon [_thread_blocked, id=516, stack(0x0000000007ef0000,0x0000000007ff0000)]
  0x0000000002e5f000 JavaThread "Finalizer" daemon [_thread_blocked, id=5200, stack(0x00000000077c0000,0x00000000078c0000)]
  0x0000000006528800 JavaThread "Reference Handler" daemon [_thread_blocked, id=5600, stack(0x00000000076c0000,0x00000000077c0000)]
  0x0000000002d70800 JavaThread "main" [_thread_in_vm, id=4080, stack(0x0000000002c10000,0x0000000002d10000)]

Other Threads:
  0x0000000006526800 VMThread [stack: 0x00000000075c0000,0x00000000076c0000] [id=2516]
  0x00000000083f6000 WatcherThread [stack: 0x00000000088f0000,0x00000000089f0000] [id=2524]

VM state:not at safepoint (normal execution)

VM Mutex/Monitor currently owned by a thread: None

Heap:
 PSYoungGen      total 38400K, used 20249K [0x00000000eab00000, 0x00000000ef600000, 0x0000000100000000)
  eden space 33280K, 45% used [0x00000000eab00000,0x00000000eb9cbab0,0x00000000ecb80000)
  from space 5120K, 99% used [0x00000000ecb80000,0x00000000ed07aab8,0x00000000ed080000)
  to   space 5120K, 0% used [0x00000000ef100000,0x00000000ef100000,0x00000000ef600000)
 ParOldGen       total 87552K, used 1464K [0x00000000c0000000, 0x00000000c5580000, 0x00000000eab00000)
  object space 87552K, 1% used [0x00000000c0000000,0x00000000c016e3e8,0x00000000c5580000)
 Metaspace       used 5999K, capacity 7024K, committed 7296K, reserved 1056768K
  class space    used 585K, capacity 616K, committed 640K, reserved 1048576K

Card table byte_map: [0x0000000003230000,0x0000000003440000] byte_map_base: 0x0000000002c30000

Marking Bits: (ParMarkBitMap*) 0x0000000055b2d4f0
 Begin Bits: [0x00000000039a0000, 0x00000000049a0000)
 End Bits:   [0x00000000049a0000, 0x00000000059a0000)

Polling page: 0x0000000002d10000

CodeCache: size=245760Kb used=5934Kb max_used=5934Kb free=239825Kb
 bounds [0x000000000f010000, 0x000000000f5e0000, 0x000000001e010000]
 total_blobs=1730 nmethods=1465 adapters=178
 compilation: enabled

Compilation events (10 events):
Event: 4.821 Thread 0x000000000655e800 1410       4       com.android.dx.ssa.SsaRenamer$BlockRenamer::visitNonMoveInsn (14 bytes)
Event: 4.840 Thread 0x000000000655e800 nmethod 1410 0x000000000f5d4e10 code [0x000000000f5d4fa0, 0x000000000f5d5750]
Event: 4.840 Thread 0x000000000655e800 1389       4       com.android.dx.rop.type.Type::isCategory2 (36 bytes)
Event: 4.841 Thread 0x000000000655e800 nmethod 1389 0x000000000f58da90 code [0x000000000f58dbc0, 0x000000000f58dc38]
Event: 4.862 Thread 0x00000000065bb000 1460       3       com.android.dx.ssa.SsaBasicBlock::insertNewPredecessor (134 bytes)
Event: 4.863 Thread 0x00000000065bb000 nmethod 1460 0x000000000f5cb590 code [0x000000000f5cb7e0, 0x000000000f5cc318]
Event: 4.863 Thread 0x000000000655e800 1461       4       com.android.dx.ssa.SsaBasicBlock::newFromRop (183 bytes)
Event: 4.877 Thread 0x00000000065bb000 1463       3       com.android.dx.ssa.NormalSsaInsn::isMoveException (20 bytes)
Event: 4.877 Thread 0x00000000065bb000 nmethod 1463 0x000000000f5d48d0 code [0x000000000f5d4a40, 0x000000000f5d4d30]
Event: 4.878 Thread 0x00000000065bb000 1468       3       com.android.dx.ssa.back.FirstFitLocalCombiningAllocator::handleCheckCastResults (413 bytes)

GC Heap History (2 events):
Event: 4.223 GC heap before
{Heap before GC invocations=1 (full 0):
 PSYoungGen      total 38400K, used 33280K [0x00000000eab00000, 0x00000000ed580000, 0x0000000100000000)
  eden space 33280K, 100% used [0x00000000eab00000,0x00000000ecb80000,0x00000000ecb80000)
  from space 5120K, 0% used [0x00000000ed080000,0x00000000ed080000,0x00000000ed580000)
  to   space 5120K, 0% used [0x00000000ecb80000,0x00000000ecb80000,0x00000000ed080000)
 ParOldGen       total 87552K, used 0K [0x00000000c0000000, 0x00000000c5580000, 0x00000000eab00000)
  object space 87552K, 0% used [0x00000000c0000000,0x00000000c0000000,0x00000000c5580000)
 Metaspace       used 5905K, capacity 6960K, committed 7040K, reserved 1056768K
  class space    used 585K, capacity 616K, committed 640K, reserved 1048576K
Event: 4.305 GC heap after
Heap after GC invocations=1 (full 0):
 PSYoungGen      total 38400K, used 5098K [0x00000000eab00000, 0x00000000ef600000, 0x0000000100000000)
  eden space 33280K, 0% used [0x00000000eab00000,0x00000000eab00000,0x00000000ecb80000)
  from space 5120K, 99% used [0x00000000ecb80000,0x00000000ed07aab8,0x00000000ed080000)
  to   space 5120K, 0% used [0x00000000ef100000,0x00000000ef100000,0x00000000ef600000)
 ParOldGen       total 87552K, used 1464K [0x00000000c0000000, 0x00000000c5580000, 0x00000000eab00000)
  object space 87552K, 1% used [0x00000000c0000000,0x00000000c016e3e8,0x00000000c5580000)
 Metaspace       used 5905K, capacity 6960K, committed 7040K, reserved 1056768K
  class space    used 585K, capacity 616K, committed 640K, reserved 1048576K
}

Deoptimization events (10 events):
Event: 3.741 Thread 0x0000000008664800 Uncommon trap: reason=null_check action=make_not_entrant pc=0x000000000f49f23c method=com.android.dx.ssa.SsaRenamer.getLocalForNewReg(I)Lcom/android/dx/rop/code/LocalItem; @ 19
Event: 4.112 Thread 0x000000000863f800 Uncommon trap: reason=bimorphic action=maybe_recompile pc=0x000000000f2cc590 method=java.util.HashMap.getNode(ILjava/lang/Object;)Ljava/util/HashMap$Node; @ 126
Event: 4.562 Thread 0x000000000866a000 Uncommon trap: reason=bimorphic action=maybe_recompile pc=0x000000000f52533c method=com.android.dx.cf.code.BytecodeArray.parseInstruction(ILcom/android/dx/cf/code/BytecodeArray$Visitor;)I @ 2484
Event: 4.562 Thread 0x000000000866a000 Uncommon trap: reason=bimorphic action=maybe_recompile pc=0x000000000f52533c method=com.android.dx.cf.code.BytecodeArray.parseInstruction(ILcom/android/dx/cf/code/BytecodeArray$Visitor;)I @ 2484
Event: 4.702 Thread 0x0000000008664800 Uncommon trap: reason=bimorphic action=maybe_recompile pc=0x000000000f243f58 method=java.util.HashMap.getNode(ILjava/lang/Object;)Ljava/util/HashMap$Node; @ 126
Event: 4.702 Thread 0x0000000008664800 Uncommon trap: reason=class_check action=maybe_recompile pc=0x000000000f506ef8 method=java.util.HashMap.putVal(ILjava/lang/Object;Ljava/lang/Object;ZZ)Ljava/lang/Object; @ 203
Event: 4.702 Thread 0x0000000008664800 Uncommon trap: reason=bimorphic action=maybe_recompile pc=0x000000000f243f58 method=java.util.HashMap.getNode(ILjava/lang/Object;)Ljava/util/HashMap$Node; @ 126
Event: 4.702 Thread 0x0000000008664800 Uncommon trap: reason=class_check action=maybe_recompile pc=0x000000000f506ef8 method=java.util.HashMap.putVal(ILjava/lang/Object;Ljava/lang/Object;ZZ)Ljava/lang/Object; @ 203
Event: 4.702 Thread 0x0000000008664800 Uncommon trap: reason=bimorphic action=maybe_recompile pc=0x000000000f2cc590 method=java.util.HashMap.getNode(ILjava/lang/Object;)Ljava/util/HashMap$Node; @ 126
Event: 4.702 Thread 0x0000000008664800 Uncommon trap: reason=bimorphic action=maybe_recompile pc=0x000000000f243f58 method=java.util.HashMap.getNode(ILjava/lang/Object;)Ljava/util/HashMap$Node; @ 126

Internal exceptions (10 events):
Event: 2.527 Thread 0x000000000863f800 Exception <a 'java/security/PrivilegedActionException'> (0x00000000eb5aaa68) thrown at [C:\workspace\8-2-build-windows-amd64-cygwin\jdk8u31\2394\hotspot\src\share\vm\prims\jvm.cpp, line 1312]
Event: 2.552 Thread 0x000000000863f800 Exception <a 'java/security/PrivilegedActionException'> (0x00000000eb5f6d98) thrown at [C:\workspace\8-2-build-windows-amd64-cygwin\jdk8u31\2394\hotspot\src\share\vm\prims\jvm.cpp, line 1312]
Event: 2.596 Thread 0x000000000866b000 Exception <a 'java/security/PrivilegedActionException'> (0x00000000eb67c048) thrown at [C:\workspace\8-2-build-windows-amd64-cygwin\jdk8u31\2394\hotspot\src\share\vm\prims\jvm.cpp, line 1312]
Event: 2.811 Thread 0x0000000002d70800 Exception <a 'java/security/PrivilegedActionException'> (0x00000000eba017c0) thrown at [C:\workspace\8-2-build-windows-amd64-cygwin\jdk8u31\2394\hotspot\src\share\vm\prims\jvm.cpp, line 1312]
Event: 2.988 Thread 0x0000000002d70800 Exception <a 'java/security/PrivilegedActionException'> (0x00000000ebb4ffe8) thrown at [C:\workspace\8-2-build-windows-amd64-cygwin\jdk8u31\2394\hotspot\src\share\vm\prims\jvm.cpp, line 1312]
Event: 2.989 Thread 0x0000000002d70800 Exception <a 'java/security/PrivilegedActionException'> (0x00000000ebb524f0) thrown at [C:\workspace\8-2-build-windows-amd64-cygwin\jdk8u31\2394\hotspot\src\share\vm\prims\jvm.cpp, line 1312]
Event: 3.377 Thread 0x000000000866b000 Exception <a 'java/security/PrivilegedActionException'> (0x00000000ebd32190) thrown at [C:\workspace\8-2-build-windows-amd64-cygwin\jdk8u31\2394\hotspot\src\share\vm\prims\jvm.cpp, line 1312]
Event: 3.412 Thread 0x0000000002d70800 Exception <a 'java/security/PrivilegedActionException'> (0x00000000ec154290) thrown at [C:\workspace\8-2-build-windows-amd64-cygwin\jdk8u31\2394\hotspot\src\share\vm\prims\jvm.cpp, line 1312]
Event: 3.563 Thread 0x000000000866a000 Implicit null exception at 0x000000000f4a696d to 0x000000000f4a7e19
Event: 3.741 Thread 0x0000000008664800 Implicit null exception at 0x000000000f49de4c to 0x000000000f49f201

Events (10 events):
Event: 4.702 Thread 0x0000000008664800 DEOPT UNPACKING pc=0x000000000f05556a sp=0x0000000008ceea30 mode 2
Event: 4.702 Thread 0x0000000008664800 Uncommon trap: trap_request=0xffffffde fr.pc=0x000000000f506ef8
Event: 4.702 Thread 0x0000000008664800 DEOPT PACKING pc=0x000000000f506ef8 sp=0x0000000008ceea90
Event: 4.702 Thread 0x0000000008664800 DEOPT UNPACKING pc=0x000000000f05556a sp=0x0000000008ceea08 mode 2
Event: 4.702 Thread 0x0000000008664800 Uncommon trap: trap_request=0xffffffc6 fr.pc=0x000000000f2cc590
Event: 4.702 Thread 0x0000000008664800 DEOPT PACKING pc=0x000000000f2cc590 sp=0x0000000008cee7b0
Event: 4.702 Thread 0x0000000008664800 DEOPT UNPACKING pc=0x000000000f05556a sp=0x0000000008cee6d8 mode 2
Event: 4.702 Thread 0x0000000008664800 Uncommon trap: trap_request=0xffffffc6 fr.pc=0x000000000f243f58
Event: 4.702 Thread 0x0000000008664800 DEOPT PACKING pc=0x000000000f243f58 sp=0x0000000008cee750
Event: 4.702 Thread 0x0000000008664800 DEOPT UNPACKING pc=0x000000000f05556a sp=0x0000000008cee6d8 mode 2


Dynamic libraries:
0x00007ff6a63e0000 - 0x00007ff6a6414000 	C:\Program Files\Java\jdk1.8.0_31\bin\java.exe
0x00007ffe8abd0000 - 0x00007ffe8ad91000 	C:\WINDOWS\SYSTEM32\ntdll.dll
0x00007ffe889e0000 - 0x00007ffe88a8d000 	C:\WINDOWS\system32\KERNEL32.DLL
0x00007ffe87d20000 - 0x00007ffe87efd000 	C:\WINDOWS\system32\KERNELBASE.dll
0x00007ffe8a4b0000 - 0x00007ffe8a556000 	C:\WINDOWS\system32\ADVAPI32.dll
0x00007ffe88a90000 - 0x00007ffe88b2d000 	C:\WINDOWS\system32\msvcrt.dll
0x00007ffe883a0000 - 0x00007ffe883fb000 	C:\WINDOWS\system32\sechost.dll
0x00007ffe8aaa0000 - 0x00007ffe8abc6000 	C:\WINDOWS\system32\RPCRT4.dll
0x00007ffe8a560000 - 0x00007ffe8a6ae000 	C:\WINDOWS\system32\USER32.dll
0x00007ffe88850000 - 0x00007ffe889d6000 	C:\WINDOWS\system32\GDI32.dll
0x00007ffe84250000 - 0x00007ffe844c4000 	C:\WINDOWS\WinSxS\amd64_microsoft.windows.common-controls_6595b64144ccf1df_6.0.10240.16384_none_f41f7b285750ef43\COMCTL32.dll
0x00007ffe882a0000 - 0x00007ffe882d6000 	C:\WINDOWS\system32\IMM32.DLL
0x00007ffe88b30000 - 0x00007ffe88c8c000 	C:\WINDOWS\system32\MSCTF.dll
0x00007ffe86680000 - 0x00007ffe866b1000 	C:\Windows\system32\nvinitx.dll
0x00007ffe86670000 - 0x00007ffe8667a000 	C:\WINDOWS\SYSTEM32\VERSION.dll
0x000000000f000000 - 0x000000000f006000 	C:\Program Files\NVIDIA Corporation\CoProcManager\_etoured.dll
0x00007ffe849b0000 - 0x00007ffe849e3000 	C:\Program Files\NVIDIA Corporation\CoProcManager\nvd3d9wrapx.dll
0x00007ffe8a7f0000 - 0x00007ffe8a9b5000 	C:\WINDOWS\system32\SETUPAPI.dll
0x00007ffe87cd0000 - 0x00007ffe87d14000 	C:\WINDOWS\system32\CFGMGR32.dll
0x00007ffe841f0000 - 0x00007ffe84212000 	C:\Program Files\NVIDIA Corporation\CoProcManager\nvdxgiwrapx.dll
0x0000000055270000 - 0x0000000055342000 	C:\Program Files\Java\jdk1.8.0_31\jre\bin\msvcr100.dll
0x0000000055350000 - 0x0000000055baa000 	C:\Program Files\Java\jdk1.8.0_31\jre\bin\server\jvm.dll
0x00007ffe8aa20000 - 0x00007ffe8aa28000 	C:\WINDOWS\system32\PSAPI.DLL
0x00007ffe85810000 - 0x00007ffe85819000 	C:\WINDOWS\SYSTEM32\WSOCK32.dll
0x00007ffe8a440000 - 0x00007ffe8a4a9000 	C:\WINDOWS\system32\WS2_32.dll
0x00007ffe88840000 - 0x00007ffe88848000 	C:\WINDOWS\system32\NSI.dll
0x00007ffe85a10000 - 0x00007ffe85a33000 	C:\WINDOWS\SYSTEM32\WINMM.dll
0x00007ffe85990000 - 0x00007ffe859bc000 	C:\WINDOWS\SYSTEM32\WINMMBASE.dll
0x00007ffe85f20000 - 0x00007ffe85f47000 	C:\WINDOWS\SYSTEM32\DEVOBJ.dll
0x0000000055260000 - 0x000000005526f000 	C:\Program Files\Java\jdk1.8.0_31\jre\bin\verify.dll
0x0000000055230000 - 0x0000000055258000 	C:\Program Files\Java\jdk1.8.0_31\jre\bin\java.dll
0x0000000055210000 - 0x0000000055226000 	C:\Program Files\Java\jdk1.8.0_31\jre\bin\zip.dll
0x00007ffe88f10000 - 0x00007ffe8a432000 	C:\WINDOWS\system32\SHELL32.dll
0x00000000078c0000 - 0x0000000007ee8000 	C:\WINDOWS\system32\windows.storage.dll
0x00007ffe88c90000 - 0x00007ffe88f0c000 	C:\WINDOWS\system32\combase.dll
0x00007ffe8a790000 - 0x00007ffe8a7e1000 	C:\WINDOWS\system32\shlwapi.dll
0x00007ffe87690000 - 0x00007ffe8769f000 	C:\WINDOWS\system32\kernel.appcore.dll
0x00007ffe88180000 - 0x00007ffe88233000 	C:\WINDOWS\system32\shcore.dll
0x00007ffe87600000 - 0x00007ffe8764a000 	C:\WINDOWS\system32\powrprof.dll
0x00007ffe87650000 - 0x00007ffe87663000 	C:\WINDOWS\system32\profapi.dll
0x00007ffe80c90000 - 0x00007ffe80e1a000 	C:\WINDOWS\SYSTEM32\dbghelp.dll

VM Arguments:
jvm_args: -Djava.awt.headless=true -Xmx1024M -Dfile.encoding=windows-1251 -Duser.country=RU -Duser.language=ru -Duser.variant 
java_command: com.android.dx.command.Main --dex --num-threads=4 --output C:\Users\Dim\AndroidStudioProjects\ProviderLoaderAsyncTask\app\build\intermediates\pre-dexed\debug\com.android.support-appcompat-v7-23.1.1_9e1217b1cb30e2eca1cb59b2640aea6e8d0d844b.jar C:\Users\Dim\AndroidStudioProjects\ProviderLoaderAsyncTask\app\build\intermediates\exploded-aar\com.android.support\appcompat-v7\23.1.1\jars\classes.jar
java_class_path (initial): K:\Android\sdk\build-tools\23.0.1\lib\dx.jar
Launcher Type: SUN_STANDARD

Environment Variables:
PATH=C:\ProgramData\Oracle\Java\javapath;C:\WINDOWS\system32;C:\WINDOWS;C:\WINDOWS\System32\Wbem;C:\WINDOWS\System32\WindowsPowerShell\v1.0\;K:\Android\sdk\platform-tools\;K:\Android\sdk\tools\;C:\Program Files (x86)\Skype\Phone\
USERNAME=Dim
OS=Windows_NT
PROCESSOR_IDENTIFIER=Intel64 Family 6 Model 42 Stepping 7, GenuineIntel



---------------  S Y S T E M  ---------------

OS: Windows 8.1 , 64 bit Build 9600 

CPU:total 4 (2 cores per cpu, 2 threads per core) family 6 model 42 stepping 7, cmov, cx8, fxsr, mmx, sse, sse2, sse3, ssse3, sse4.1, sse4.2, popcnt, avx, aes, clmul, ht, tsc, tscinvbit

Memory: 4k page, physical 8300684k(1717928k free), swap 8300684k(3148k free)

vm_info: Java HotSpot(TM) 64-Bit Server VM (25.31-b07) for windows-amd64 JRE (1.8.0_31-b13), built on Dec 17 2014 21:00:28 by "java_re" with MS VC++ 10.0 (VS2010)

time: Tue Nov 24 21:04:34 2015
elapsed time: 4 seconds (0d 0h 0m 4s)

