#
# There is insufficient memory for the Java Runtime Environment to continue.
# Native memory allocation (malloc) failed to allocate 32744 bytes for ChunkPool::allocate
# Possible reasons:
#   The system is out of physical RAM or swap space
#   In 32 bit mode, the process size limit was hit
# Possible solutions:
#   Reduce memory load on the system
#   Increase physical memory or swap space
#   Check if swap backing store is full
#   Use 64 bit Java on a 64 bit OS
#   Decrease Java heap size (-Xmx/-Xms)
#   Decrease number of Java threads
#   Decrease Java thread stack sizes (-Xss)
#   Set larger code cache with -XX:ReservedCodeCacheSize=
# This output file may be truncated or incomplete.
#
#  Out of Memory Error (allocation.cpp:273), pid=6356, tid=3200
#
# JRE version: Java(TM) SE Runtime Environment (8.0_31-b13) (build 1.8.0_31-b13)
# Java VM: Java HotSpot(TM) 64-Bit Server VM (25.31-b07 mixed mode windows-amd64 compressed oops)
# Failed to write core dump. Minidumps are not enabled by default on client versions of Windows
#

---------------  T H R E A D  ---------------

Current thread (0x0000000006037000):  JavaThread "C1 CompilerThread2" daemon [_thread_in_native, id=3200, stack(0x0000000007dc0000,0x0000000007ec0000)]

Stack: [0x0000000007dc0000,0x0000000007ec0000]
Native frames: (J=compiled Java code, j=interpreted, Vv=VM code, C=native code)
V  [jvm.dll+0x3169ba]


Current CompileTask:
C1:    736  195       3       com.android.dx.cf.direct.StdAttributeFactory::parse0 (532 bytes)


---------------  P R O C E S S  ---------------

Java Threads: ( => current thread )
  0x00000000080a4000 JavaThread "pool-1-thread-4" [_thread_blocked, id=4528, stack(0x00000000088c0000,0x00000000089c0000)]
  0x0000000008023000 JavaThread "pool-1-thread-3" [_thread_blocked, id=4032, stack(0x00000000087c0000,0x00000000088c0000)]
  0x0000000008000000 JavaThread "pool-1-thread-2" [_thread_blocked, id=2684, stack(0x00000000086c0000,0x00000000087c0000)]
  0x0000000007ffd800 JavaThread "pool-2-thread-1" [_thread_blocked, id=4992, stack(0x00000000085c0000,0x00000000086c0000)]
  0x0000000007ff8800 JavaThread "pool-1-thread-1" [_thread_blocked, id=1672, stack(0x00000000084c0000,0x00000000085c0000)]
  0x0000000007ef0000 JavaThread "Service Thread" daemon [_thread_blocked, id=4132, stack(0x00000000082c0000,0x00000000083c0000)]
=>0x0000000006037000 JavaThread "C1 CompilerThread2" daemon [_thread_in_native, id=3200, stack(0x0000000007dc0000,0x0000000007ec0000)]
  0x0000000006032000 JavaThread "C2 CompilerThread1" daemon [_thread_blocked, id=5044, stack(0x0000000007cc0000,0x0000000007dc0000)]
  0x000000000602b800 JavaThread "C2 CompilerThread0" daemon [_thread_blocked, id=6156, stack(0x0000000007bc0000,0x0000000007cc0000)]
  0x000000000602a000 JavaThread "Attach Listener" daemon [_thread_blocked, id=1528, stack(0x0000000007ac0000,0x0000000007bc0000)]
  0x0000000006029000 JavaThread "Signal Dispatcher" daemon [_thread_blocked, id=6816, stack(0x00000000079c0000,0x0000000007ac0000)]
  0x000000000294f000 JavaThread "Finalizer" daemon [_thread_blocked, id=6316, stack(0x0000000007290000,0x0000000007390000)]
  0x0000000005ff8800 JavaThread "Reference Handler" daemon [_thread_blocked, id=4980, stack(0x0000000007190000,0x0000000007290000)]
  0x0000000002860800 JavaThread "main" [_thread_in_vm, id=896, stack(0x00000000026e0000,0x00000000027e0000)]

Other Threads:
  0x0000000005ff6800 VMThread [stack: 0x0000000007090000,0x0000000007190000] [id=6540]
  0x0000000007efa800 WatcherThread [stack: 0x00000000083c0000,0x00000000084c0000] [id=6248]

VM state:not at safepoint (normal execution)

VM Mutex/Monitor currently owned by a thread: None

Heap:
 PSYoungGen      total 38400K, used 5355K [0x00000000eab00000, 0x00000000ed580000, 0x0000000100000000)
  eden space 33280K, 16% used [0x00000000eab00000,0x00000000eb03add0,0x00000000ecb80000)
  from space 5120K, 0% used [0x00000000ed080000,0x00000000ed080000,0x00000000ed580000)
  to   space 5120K, 0% used [0x00000000ecb80000,0x00000000ecb80000,0x00000000ed080000)
 ParOldGen       total 87552K, used 0K [0x00000000c0000000, 0x00000000c5580000, 0x00000000eab00000)
  object space 87552K, 0% used [0x00000000c0000000,0x00000000c0000000,0x00000000c5580000)
 Metaspace       used 3736K, capacity 5104K, committed 5376K, reserved 1056768K
  class space    used 421K, capacity 488K, committed 512K, reserved 1048576K

Card table byte_map: [0x0000000002d20000,0x0000000002f30000] byte_map_base: 0x0000000002720000

Marking Bits: (ParMarkBitMap*) 0x0000000055b2d4f0
 Begin Bits: [0x0000000003490000, 0x0000000004490000)
 End Bits:   [0x0000000004490000, 0x0000000005490000)

Polling page: 0x0000000000a90000

CodeCache: size=245760Kb used=1537Kb max_used=1542Kb free=244222Kb
 bounds [0x000000000f010000, 0x000000000f280000, 0x000000001e010000]
 total_blobs=451 nmethods=200 adapters=165
 compilation: enabled

Compilation events (10 events):
Event: 0.713 Thread 0x0000000006032000 nmethod 203 0x000000000f18b390 code [0x000000000f18b4e0, 0x000000000f18b5f8]
Event: 0.713 Thread 0x000000000602b800  204       4       com.android.dx.util.ByteArray::getUnsignedByte (14 bytes)
Event: 0.714 Thread 0x0000000006037000 nmethod 202 0x000000000f18b710 code [0x000000000f18bc40, 0x000000000f18f2a8]
Event: 0.714 Thread 0x0000000006037000  201   !   3       com.android.dx.util.FixedSizeList::<init> (36 bytes)
Event: 0.714 Thread 0x000000000602b800 nmethod 204 0x000000000f191850 code [0x000000000f191980, 0x000000000f191a58]
Event: 0.714 Thread 0x0000000006037000 nmethod 201 0x000000000f18ac90 code [0x000000000f18ae20, 0x000000000f18b208]
Event: 0.714 Thread 0x0000000006037000  205       1       com.android.dx.rop.cst.CstString::isCategory2 (2 bytes)
Event: 0.715 Thread 0x0000000006037000 nmethod 205 0x000000000f18a9d0 code [0x000000000f18ab20, 0x000000000f18ac30]
Event: 0.715 Thread 0x0000000006037000  195       3       com.android.dx.cf.direct.StdAttributeFactory::parse0 (532 bytes)
Event: 0.715 Thread 0x0000000006032000  206       4       com.android.dx.rop.cst.CstString::utf8BytesToString (391 bytes)

GC Heap History (0 events):
No events

Deoptimization events (0 events):
No events

Internal exceptions (10 events):
Event: 0.659 Thread 0x0000000002860800 Exception <a 'java/security/PrivilegedActionException'> (0x00000000eaeaa7b0) thrown at [C:\workspace\8-2-build-windows-amd64-cygwin\jdk8u31\2394\hotspot\src\share\vm\prims\jvm.cpp, line 1312]
Event: 0.660 Thread 0x0000000002860800 Exception <a 'java/security/PrivilegedActionException'> (0x00000000eaeadb38) thrown at [C:\workspace\8-2-build-windows-amd64-cygwin\jdk8u31\2394\hotspot\src\share\vm\prims\jvm.cpp, line 1312]
Event: 0.661 Thread 0x0000000002860800 Exception <a 'java/security/PrivilegedActionException'> (0x00000000eaeb0800) thrown at [C:\workspace\8-2-build-windows-amd64-cygwin\jdk8u31\2394\hotspot\src\share\vm\prims\jvm.cpp, line 1312]
Event: 0.662 Thread 0x0000000002860800 Exception <a 'java/security/PrivilegedActionException'> (0x00000000eaeb57f0) thrown at [C:\workspace\8-2-build-windows-amd64-cygwin\jdk8u31\2394\hotspot\src\share\vm\prims\jvm.cpp, line 1312]
Event: 0.663 Thread 0x0000000002860800 Exception <a 'java/security/PrivilegedActionException'> (0x00000000eaeba8e8) thrown at [C:\workspace\8-2-build-windows-amd64-cygwin\jdk8u31\2394\hotspot\src\share\vm\prims\jvm.cpp, line 1312]
Event: 0.663 Thread 0x0000000002860800 Exception <a 'java/security/PrivilegedActionException'> (0x00000000eaebce20) thrown at [C:\workspace\8-2-build-windows-amd64-cygwin\jdk8u31\2394\hotspot\src\share\vm\prims\jvm.cpp, line 1312]
Event: 0.664 Thread 0x0000000002860800 Exception <a 'java/security/PrivilegedActionException'> (0x00000000eaebf990) thrown at [C:\workspace\8-2-build-windows-amd64-cygwin\jdk8u31\2394\hotspot\src\share\vm\prims\jvm.cpp, line 1312]
Event: 0.664 Thread 0x0000000002860800 Exception <a 'java/security/PrivilegedActionException'> (0x00000000eaec2788) thrown at [C:\workspace\8-2-build-windows-amd64-cygwin\jdk8u31\2394\hotspot\src\share\vm\prims\jvm.cpp, line 1312]
Event: 0.665 Thread 0x0000000002860800 Exception <a 'java/security/PrivilegedActionException'> (0x00000000eaec5290) thrown at [C:\workspace\8-2-build-windows-amd64-cygwin\jdk8u31\2394\hotspot\src\share\vm\prims\jvm.cpp, line 1312]
Event: 0.667 Thread 0x0000000002860800 Exception <a 'java/security/PrivilegedActionException'> (0x00000000eaec9060) thrown at [C:\workspace\8-2-build-windows-amd64-cygwin\jdk8u31\2394\hotspot\src\share\vm\prims\jvm.cpp, line 1312]

Events (10 events):
Event: 0.666 loading class java/util/concurrent/FutureTask$WaitNode done
Event: 0.666 loading class java/util/concurrent/ThreadPoolExecutor$Worker
Event: 0.666 loading class java/util/concurrent/ThreadPoolExecutor$Worker done
Event: 0.667 Thread 0x0000000007ff8800 Thread added: 0x0000000007ff8800
Event: 0.667 loading class com/android/dx/command/dexer/Main$ClassDefItemConsumer
Event: 0.667 loading class com/android/dx/command/dexer/Main$ClassDefItemConsumer done
Event: 0.667 Thread 0x0000000007ffd800 Thread added: 0x0000000007ffd800
Event: 0.674 Thread 0x0000000008000000 Thread added: 0x0000000008000000
Event: 0.676 Thread 0x0000000008023000 Thread added: 0x0000000008023000
Event: 0.678 Thread 0x00000000080a4000 Thread added: 0x00000000080a4000


Dynamic libraries:
0x00007ff6a63e0000 - 0x00007ff6a6414000 	C:\Program Files\Java\jdk1.8.0_31\bin\java.exe
0x00007ffe8abd0000 - 0x00007ffe8ad91000 	C:\WINDOWS\SYSTEM32\ntdll.dll
0x00007ffe889e0000 - 0x00007ffe88a8d000 	C:\WINDOWS\system32\KERNEL32.DLL
0x00007ffe87d20000 - 0x00007ffe87efd000 	C:\WINDOWS\system32\KERNELBASE.dll
0x00007ffe8a4b0000 - 0x00007ffe8a556000 	C:\WINDOWS\system32\ADVAPI32.dll
0x00007ffe88a90000 - 0x00007ffe88b2d000 	C:\WINDOWS\system32\msvcrt.dll
0x00007ffe883a0000 - 0x00007ffe883fb000 	C:\WINDOWS\system32\sechost.dll
0x00007ffe8aaa0000 - 0x00007ffe8abc6000 	C:\WINDOWS\system32\RPCRT4.dll
0x00007ffe8a560000 - 0x00007ffe8a6ae000 	C:\WINDOWS\system32\USER32.dll
0x00007ffe88850000 - 0x00007ffe889d6000 	C:\WINDOWS\system32\GDI32.dll
0x00007ffe84250000 - 0x00007ffe844c4000 	C:\WINDOWS\WinSxS\amd64_microsoft.windows.common-controls_6595b64144ccf1df_6.0.10240.16384_none_f41f7b285750ef43\COMCTL32.dll
0x00007ffe882a0000 - 0x00007ffe882d6000 	C:\WINDOWS\system32\IMM32.DLL
0x00007ffe88b30000 - 0x00007ffe88c8c000 	C:\WINDOWS\system32\MSCTF.dll
0x00007ffe86680000 - 0x00007ffe866b1000 	C:\Windows\system32\nvinitx.dll
0x00007ffe86670000 - 0x00007ffe8667a000 	C:\WINDOWS\SYSTEM32\VERSION.dll
0x000000000f000000 - 0x000000000f006000 	C:\Program Files\NVIDIA Corporation\CoProcManager\_etoured.dll
0x00007ffe849b0000 - 0x00007ffe849e3000 	C:\Program Files\NVIDIA Corporation\CoProcManager\nvd3d9wrapx.dll
0x00007ffe8a7f0000 - 0x00007ffe8a9b5000 	C:\WINDOWS\system32\SETUPAPI.dll
0x00007ffe87cd0000 - 0x00007ffe87d14000 	C:\WINDOWS\system32\CFGMGR32.dll
0x00007ffe841f0000 - 0x00007ffe84212000 	C:\Program Files\NVIDIA Corporation\CoProcManager\nvdxgiwrapx.dll
0x0000000055270000 - 0x0000000055342000 	C:\Program Files\Java\jdk1.8.0_31\jre\bin\msvcr100.dll
0x0000000055350000 - 0x0000000055baa000 	C:\Program Files\Java\jdk1.8.0_31\jre\bin\server\jvm.dll
0x00007ffe8aa20000 - 0x00007ffe8aa28000 	C:\WINDOWS\system32\PSAPI.DLL
0x00007ffe85810000 - 0x00007ffe85819000 	C:\WINDOWS\SYSTEM32\WSOCK32.dll
0x00007ffe8a440000 - 0x00007ffe8a4a9000 	C:\WINDOWS\system32\WS2_32.dll
0x00007ffe88840000 - 0x00007ffe88848000 	C:\WINDOWS\system32\NSI.dll
0x00007ffe85a10000 - 0x00007ffe85a33000 	C:\WINDOWS\SYSTEM32\WINMM.dll
0x00007ffe85990000 - 0x00007ffe859bc000 	C:\WINDOWS\SYSTEM32\WINMMBASE.dll
0x00007ffe85f20000 - 0x00007ffe85f47000 	C:\WINDOWS\SYSTEM32\DEVOBJ.dll
0x0000000055260000 - 0x000000005526f000 	C:\Program Files\Java\jdk1.8.0_31\jre\bin\verify.dll
0x0000000055230000 - 0x0000000055258000 	C:\Program Files\Java\jdk1.8.0_31\jre\bin\java.dll
0x0000000055210000 - 0x0000000055226000 	C:\Program Files\Java\jdk1.8.0_31\jre\bin\zip.dll
0x00007ffe88f10000 - 0x00007ffe8a432000 	C:\WINDOWS\system32\SHELL32.dll
0x0000000007390000 - 0x00000000079b8000 	C:\WINDOWS\system32\windows.storage.dll
0x00007ffe88c90000 - 0x00007ffe88f0c000 	C:\WINDOWS\system32\combase.dll
0x00007ffe8a790000 - 0x00007ffe8a7e1000 	C:\WINDOWS\system32\shlwapi.dll
0x00007ffe87690000 - 0x00007ffe8769f000 	C:\WINDOWS\system32\kernel.appcore.dll
0x00007ffe88180000 - 0x00007ffe88233000 	C:\WINDOWS\system32\shcore.dll
0x00007ffe87600000 - 0x00007ffe8764a000 	C:\WINDOWS\system32\powrprof.dll
0x00007ffe87650000 - 0x00007ffe87663000 	C:\WINDOWS\system32\profapi.dll

VM Arguments:
jvm_args: -Djava.awt.headless=true -Xmx1024M -Dfile.encoding=windows-1251 -Duser.country=RU -Duser.language=ru -Duser.variant 
java_command: com.android.dx.command.Main --dex --num-threads=4 --output C:\Users\Dim\AndroidStudioProjects\ProviderLoaderAsyncTask\app\build\intermediates\pre-dexed\debug\debug_11015b2920e063da11b5f00c2d005e850baf5595.jar C:\Users\Dim\AndroidStudioProjects\ProviderLoaderAsyncTask\app\build\intermediates\classes\debug
java_class_path (initial): K:\Android\sdk\build-tools\23.0.1\lib\dx.jar
Launcher Type: SUN_STANDARD

Environment Variables:
PATH=C:\ProgramData\Oracle\Java\javapath;C:\WINDOWS\system32;C:\WINDOWS;C:\WINDOWS\System32\Wbem;C:\WINDOWS\System32\WindowsPowerShell\v1.0\;K:\Android\sdk\platform-tools\;K:\Android\sdk\tools\;C:\Program Files (x86)\Skype\Phone\
USERNAME=Dim
OS=Windows_NT
PROCESSOR_IDENTIFIER=Intel64 Family 6 Model 42 Stepping 7, GenuineIntel



---------------  S Y S T E M  ---------------

OS: Windows 8.1 , 64 bit Build 9600 

CPU:total 4 (2 cores per cpu, 2 threads per core) family 6 model 42 stepping 7, cmov, cx8, fxsr, mmx, sse, sse2, sse3, ssse3, sse4.1, sse4.2, popcnt, avx, aes, clmul, ht, tsc, tscinvbit

Memory: 4k page, physical 8300684k(1829960k free), swap 8300684k(5772k free)

vm_info: Java HotSpot(TM) 64-Bit Server VM (25.31-b07) for windows-amd64 JRE (1.8.0_31-b13), built on Dec 17 2014 21:00:28 by "java_re" with MS VC++ 10.0 (VS2010)

time: Tue Nov 24 21:03:50 2015
elapsed time: 0 seconds (0d 0h 0m 0s)

